{"D:\\Workspace\\Year4Term2\\DienToanDamMay\\Project\\note-app-holetex\\server\\models\\NoteModel.js": {"path":"D:\\Workspace\\Year4Term2\\DienToanDamMay\\Project\\note-app-holetex\\server\\models\\NoteModel.js","statementMap":{"0":{"start":{"line":3,"column":19},"end":{"line":11,"column":24}},"1":{"start":{"line":13,"column":18},"end":{"line":13,"column":52}}},"fnMap":{},"branchMap":{},"s":{"0":1,"1":1},"f":{},"b":{},"_coverageSchema":"1a1c01bbd47fc00a2c39e90264f33305004495a9","hash":"c796062d2854dea413b1a7c937c31ae254581d5f"}
}
